Build started 1/14/2017 3:08:34 PM.
     1>Project "C:\Users\heming\documents\visual studio 2013\Projects\CG_HW2\CG_HW2\CG_HW2.vcxproj" on node 2 (Build target(s)).
     1>ClCompile:
         G:\software\visual studio\VC\bin\CL.exe /c /ZI /nologo /W3 /WX- /Od /Oy- /D WIN32 /D _DEBUG /D _CONSOLE /D _LIB /D _UNICODE /D UNICODE /Gm /EHsc /RTC1 /MDd /GS /fp:precise /Zc:wchar_t /Zc:forScope /Fo"Debug\\" /Fd"Debug\vc120.pdb" /Gd /TP /analyze- /errorReport:prompt First.cpp
         First.cpp
     1>c:\users\heming\documents\visual studio 2013\projects\cg_hw2\cg_hw2\first.cpp(174): warning C4244: 'initializing' : conversion from 'double' to 'GLfloat', possible loss of data
     1>c:\users\heming\documents\visual studio 2013\projects\cg_hw2\cg_hw2\first.cpp(299): warning C4244: '=' : conversion from 'double' to 'GLfloat', possible loss of data
     1>c:\users\heming\documents\visual studio 2013\projects\cg_hw2\cg_hw2\first.cpp(300): warning C4244: '=' : conversion from 'double' to 'GLfloat', possible loss of data
     1>c:\users\heming\documents\visual studio 2013\projects\cg_hw2\cg_hw2\first.cpp(304): warning C4244: 'initializing' : conversion from 'double' to 'GLfloat', possible loss of data
     1>c:\users\heming\documents\visual studio 2013\projects\cg_hw2\cg_hw2\first.cpp(305): warning C4244: 'initializing' : conversion from 'double' to 'GLfloat', possible loss of data
     1>c:\users\heming\documents\visual studio 2013\projects\cg_hw2\cg_hw2\first.cpp(307): warning C4244: '=' : conversion from 'double' to 'GLfloat', possible loss of data
     1>c:\users\heming\documents\visual studio 2013\projects\cg_hw2\cg_hw2\first.cpp(308): warning C4244: '=' : conversion from 'double' to 'GLfloat', possible loss of data
     1>c:\users\heming\documents\visual studio 2013\projects\cg_hw2\cg_hw2\first.cpp(316): warning C4244: 'argument' : conversion from 'double' to 'GLfloat', possible loss of data
       Link:
         G:\software\visual studio\VC\bin\link.exe /ERRORREPORT:PROMPT /OUT:"C:\Users\heming\documents\visual studio 2013\Projects\CG_HW2\Debug\CG_HW2.exe" /INCREMENTAL /NOLOGO assimp.lib SOIL.lib glew32s.lib opengl32.lib glfw3.lib glfw3dll.lib kernel32.lib user32.lib gdi32.lib winspool.lib comdlg32.lib advapi32.lib shell32.lib ole32.lib oleaut32.lib uuid.lib odbc32.lib odbccp32.lib /MANIFEST /MANIFESTUAC:"level='asInvoker' uiAccess='false'" /manifest:embed /DEBUG /PDB:"C:\Users\heming\documents\visual studio 2013\Projects\CG_HW2\Debug\CG_HW2.pdb" /SUBSYSTEM:CONSOLE /TLBID:1 /DYNAMICBASE /NXCOMPAT /IMPLIB:"C:\Users\heming\documents\visual studio 2013\Projects\CG_HW2\Debug\CG_HW2.lib" /MACHINE:X86 Debug\Camera.obj
         Debug\First.obj
         Debug\Mesh.obj
         Debug\Model.obj
         Debug\Particle_generator.obj
         Debug\Shader.obj
         Debug\Sphere.obj
         SOIL.lib(SOIL.obj) : MSIL .netmodule or module compiled with /GL found; restarting link with /LTCG; add /LTCG to the link command line to improve linker performance
     1>LINK : warning LNK4075: ignoring '/INCREMENTAL' due to '/LTCG' specification
     1>Camera.obj : warning LNK4075: ignoring '/EDITANDCONTINUE' due to '/OPT:LBR' specification
     1>LINK : warning LNK4098: defaultlib 'MSVCRT' conflicts with use of other libs; use /NODEFAULTLIB:library
     1>LINK : warning LNK4098: defaultlib 'LIBCMT' conflicts with use of other libs; use /NODEFAULTLIB:library
         Generating code
         Finished generating code
     1>Mesh.obj : warning LNK4049: locally defined symbol ___glewActiveTexture imported
     1>Mesh.obj : warning LNK4049: locally defined symbol ___glewBindBuffer imported
     1>Particle_generator.obj : warning LNK4049: locally defined symbol ___glewBindBuffer imported
     1>Mesh.obj : warning LNK4049: locally defined symbol ___glewBufferData imported
     1>Particle_generator.obj : warning LNK4049: locally defined symbol ___glewBufferData imported
     1>Mesh.obj : warning LNK4049: locally defined symbol ___glewGenBuffers imported
     1>Particle_generator.obj : warning LNK4049: locally defined symbol ___glewGenBuffers imported
     1>Mesh.obj : warning LNK4049: locally defined symbol ___glewEnableVertexAttribArray imported
     1>Particle_generator.obj : warning LNK4049: locally defined symbol ___glewEnableVertexAttribArray imported
     1>Mesh.obj : warning LNK4049: locally defined symbol ___glewGetUniformLocation imported
     1>Particle_generator.obj : warning LNK4049: locally defined symbol ___glewGetUniformLocation imported
     1>Mesh.obj : warning LNK4049: locally defined symbol ___glewUniform1f imported
     1>Mesh.obj : warning LNK4049: locally defined symbol ___glewUniform1i imported
     1>Mesh.obj : warning LNK4049: locally defined symbol ___glewVertexAttribPointer imported
     1>Particle_generator.obj : warning LNK4049: locally defined symbol ___glewVertexAttribPointer imported
     1>Mesh.obj : warning LNK4049: locally defined symbol ___glewBindVertexArray imported
     1>Particle_generator.obj : warning LNK4049: locally defined symbol ___glewBindVertexArray imported
     1>Mesh.obj : warning LNK4049: locally defined symbol ___glewGenVertexArrays imported
     1>Particle_generator.obj : warning LNK4049: locally defined symbol ___glewGenVertexArrays imported
     1>Model.obj : warning LNK4049: locally defined symbol ___glewGenerateMipmap imported
     1>Particle_generator.obj : warning LNK4049: locally defined symbol ___glewUniform3f imported
     1>Particle_generator.obj : warning LNK4049: locally defined symbol ___glewUniform4f imported
     1>Particle_generator.obj : warning LNK4049: locally defined symbol ___glewUniformMatrix4fv imported
     1>Shader.obj : warning LNK4049: locally defined symbol ___glewAttachShader imported
     1>Shader.obj : warning LNK4049: locally defined symbol ___glewCompileShader imported
     1>Shader.obj : warning LNK4049: locally defined symbol ___glewCreateProgram imported
     1>Shader.obj : warning LNK4049: locally defined symbol ___glewCreateShader imported
     1>Shader.obj : warning LNK4049: locally defined symbol ___glewDeleteShader imported
     1>Shader.obj : warning LNK4049: locally defined symbol ___glewGetProgramInfoLog imported
     1>Shader.obj : warning LNK4049: locally defined symbol ___glewGetProgramiv imported
     1>Shader.obj : warning LNK4049: locally defined symbol ___glewGetShaderInfoLog imported
     1>Shader.obj : warning LNK4049: locally defined symbol ___glewGetShaderiv imported
     1>Shader.obj : warning LNK4049: locally defined symbol ___glewLinkProgram imported
     1>Shader.obj : warning LNK4049: locally defined symbol ___glewShaderSource imported
     1>Shader.obj : warning LNK4049: locally defined symbol ___glewUseProgram imported
     1>glew32s.lib(glew.obj) : warning LNK4099: PDB 'vc120.pdb' was not found with 'glew32s.lib(glew.obj)' or at 'C:\Users\heming\documents\visual studio 2013\Projects\CG_HW2\Debug\vc120.pdb'; linking object as if no debug info
         CG_HW2.vcxproj -> C:\Users\heming\documents\visual studio 2013\Projects\CG_HW2\Debug\CG_HW2.exe
     1>Done Building Project "C:\Users\heming\documents\visual studio 2013\Projects\CG_HW2\CG_HW2\CG_HW2.vcxproj" (Build target(s)).

Build succeeded.

Time Elapsed 00:00:04.95
